#! /usr/local/bin/vvp
:ivl_version "10.1 (stable)" "(v10_1-101-g0f28b03d)";
:ivl_delay_selection "TYPICAL";
:vpi_time_precision + 0;
:vpi_module "system";
:vpi_module "vhdl_sys";
:vpi_module "v2005_math";
:vpi_module "va_math";
S_0x7f882f405b50 .scope module, "shiftreg" "shiftreg" 2 1;
 .timescale 0 0;
    .port_info 0 /OUTPUT 1 "SO"
    .port_info 1 /INPUT 1 "SI"
    .port_info 2 /INPUT 1 "Clock"
o0x107d90008 .functor BUFZ 1, C4<z>; HiZ drive
v0x7f882f405360_0 .net "Clock", 0 0, o0x107d90008;  0 drivers
v0x7f882f415c10_0 .var "Q", 3 0;
o0x107d90068 .functor BUFZ 1, C4<z>; HiZ drive
v0x7f882f415cb0_0 .net "SI", 0 0, o0x107d90068;  0 drivers
v0x7f882f415d60_0 .net "SO", 0 0, L_0x7f882f415e40;  1 drivers
E_0x7f882f403ce0 .event posedge, v0x7f882f405360_0;
L_0x7f882f415e40 .part v0x7f882f415c10_0, 3, 1;
    .scope S_0x7f882f405b50;
T_0 ;
    %wait E_0x7f882f403ce0;
    %load/vec4 v0x7f882f415c10_0;
    %parti/s 3, 0, 2;
    %load/vec4 v0x7f882f415cb0_0;
    %concat/vec4; draw_concat_vec4
    %assign/vec4 v0x7f882f415c10_0, 0;
    %jmp T_0;
    .thread T_0;
# The file index is used to find the file name in the following table.
:file_names 3;
    "N/A";
    "<interactive>";
    "shiftreg.v";
